1598540466330	geckodriver	INFO	Listening on 127.0.0.1:53847
1598540469384	mozrunner::runner	INFO	Running command: "C:\\Program Files\\Mozilla Firefox\\firefox.exe" "--marionette" "-foreground" "-no-remote" "-profile" "C:\\Users\\YYY\\AppData\\Local\\Temp\\rust_mozprofile7aucck"
JavaScript error: resource://gre/modules/XULStore.jsm, line 66: Error: Can't find profile directory.
console.error: SearchCache: "_readCacheFile: Error reading cache file:" (new Error("", "(unknown module)"))
1598540472696	Marionette	INFO	Listening on port 53856
1598540472999	Marionette	WARN	TLS certificate errors will be ignored for this session
1598540486361	Marionette	INFO	Stopped listening on port 53856

###!!! [Child][RunMessage] Error: Channel closing: too late to send/recv, messages will be lost


###!!! [Child][MessageChannel::SendAndWait] Error: Channel error: cannot send/recv

1598540542721	geckodriver	INFO	Listening on 127.0.0.1:53909
1598540545771	mozrunner::runner	INFO	Running command: "C:\\Program Files\\Mozilla Firefox\\firefox.exe" "--marionette" "-foreground" "-no-remote" "-profile" "C:\\Users\\YYY\\AppData\\Local\\Temp\\rust_mozprofileQJyMyu"
JavaScript error: resource://gre/modules/XULStore.jsm, line 66: Error: Can't find profile directory.
console.error: SearchCache: "_readCacheFile: Error reading cache file:" (new Error("", "(unknown module)"))
1598540548109	Marionette	INFO	Listening on port 53917
1598540548382	Marionette	WARN	TLS certificate errors will be ignored for this session
1598540581614	Marionette	INFO	Stopped listening on port 53917

###!!! [Child][RunMessage] Error: Channel closing: too late to send/recv, messages will be lost


###!!! [Child][MessageChannel::SendAndWait] Error: Channel error: cannot send/recv

1598540615846	geckodriver	INFO	Listening on 127.0.0.1:53961
1598540618896	mozrunner::runner	INFO	Running command: "C:\\Program Files\\Mozilla Firefox\\firefox.exe" "--marionette" "-foreground" "-no-remote" "-profile" "C:\\Users\\YYY\\AppData\\Local\\Temp\\rust_mozprofile0zbLWb"
JavaScript error: resource://gre/modules/XULStore.jsm, line 66: Error: Can't find profile directory.
console.error: SearchCache: "_readCacheFile: Error reading cache file:" (new Error("", "(unknown module)"))
1598540621201	Marionette	INFO	Listening on port 53969
1598540621508	Marionette	WARN	TLS certificate errors will be ignored for this session
1598540631779	Marionette	INFO	Stopped listening on port 53969

###!!! [Child][RunMessage] Error: Channel closing: too late to send/recv, messages will be lost


###!!! [Child][MessageChannel::SendAndWait] Error: Channel error: cannot send/recv

1598540677586	geckodriver	INFO	Listening on 127.0.0.1:54008
1598540680636	mozrunner::runner	INFO	Running command: "C:\\Program Files\\Mozilla Firefox\\firefox.exe" "--marionette" "-foreground" "-no-remote" "-profile" "C:\\Users\\YYY\\AppData\\Local\\Temp\\rust_mozprofileTWM6ct"
JavaScript error: resource://gre/modules/XULStore.jsm, line 66: Error: Can't find profile directory.
console.error: SearchCache: "_readCacheFile: Error reading cache file:" (new Error("", "(unknown module)"))
1598540682876	Marionette	INFO	Listening on port 54016
1598540683246	Marionette	WARN	TLS certificate errors will be ignored for this session
1598540708027	Marionette	INFO	Stopped listening on port 54016

###!!! [Child][RunMessage] Error: Channel closing: too late to send/recv, messages will be lost


###!!! [Child][MessageChannel::SendAndWait] Error: Channel error: cannot send/recv

1598540741682	geckodriver	INFO	Listening on 127.0.0.1:54060
1598540744722	mozrunner::runner	INFO	Running command: "C:\\Program Files\\Mozilla Firefox\\firefox.exe" "--marionette" "-foreground" "-no-remote" "-profile" "C:\\Users\\YYY\\AppData\\Local\\Temp\\rust_mozprofileHsWulS"
JavaScript error: resource://gre/modules/XULStore.jsm, line 66: Error: Can't find profile directory.
console.error: SearchCache: "_readCacheFile: Error reading cache file:" (new Error("", "(unknown module)"))
1598540747103	Marionette	INFO	Listening on port 54068
1598540747338	Marionette	WARN	TLS certificate errors will be ignored for this session
1598540756007	Marionette	INFO	Stopped listening on port 54068

###!!! [Child][RunMessage] Error: Channel closing: too late to send/recv, messages will be lost


###!!! [Child][MessageChannel::SendAndWait] Error: Channel error: cannot send/recv

1598540787419	geckodriver	INFO	Listening on 127.0.0.1:54109
1598540790460	mozrunner::runner	INFO	Running command: "C:\\Program Files\\Mozilla Firefox\\firefox.exe" "--marionette" "-foreground" "-no-remote" "-profile" "C:\\Users\\YYY\\AppData\\Local\\Temp\\rust_mozprofiledYUx9g"
JavaScript error: resource://gre/modules/XULStore.jsm, line 66: Error: Can't find profile directory.
console.error: SearchCache: "_readCacheFile: Error reading cache file:" (new Error("", "(unknown module)"))
1598540792722	Marionette	INFO	Listening on port 54117
1598540793071	Marionette	WARN	TLS certificate errors will be ignored for this session
1598540793655	Marionette	INFO	Stopped listening on port 54117
console.error: Region.jsm: "Error fetching region" (new TypeError("NetworkError when attempting to fetch resource.", ""))
console.error: Region.jsm: "Failed to fetch region" (new Error("NO_RESULT", "resource://gre/modules/Region.jsm", 343))
JavaScript error: resource://gre/modules/UrlClassifierListManager.jsm, line 691: TypeError: this.tablesData[table] is undefined

###!!! [Child][RunMessage] Error: Channel closing: too late to send/recv, messages will be lost


###!!! [Child][MessageChannel::SendAndWait] Error: Channel error: cannot send/recv

1598541232459	geckodriver	INFO	Listening on 127.0.0.1:54209
1598541235513	mozrunner::runner	INFO	Running command: "C:\\Program Files\\Mozilla Firefox\\firefox.exe" "--marionette" "-foreground" "-no-remote" "-profile" "C:\\Users\\YYY\\AppData\\Local\\Temp\\rust_mozprofile2Wtjon"
JavaScript error: resource://gre/modules/XULStore.jsm, line 66: Error: Can't find profile directory.
console.error: SearchCache: "_readCacheFile: Error reading cache file:" (new Error("", "(unknown module)"))
1598541237760	Marionette	INFO	Listening on port 54217
1598541238123	Marionette	WARN	TLS certificate errors will be ignored for this session
1598541238741	Marionette	INFO	Stopped listening on port 54217
console.error: Region.jsm: "Error fetching region" (new TypeError("NetworkError when attempting to fetch resource.", ""))
console.error: Region.jsm: "Failed to fetch region" (new Error("NO_RESULT", "resource://gre/modules/Region.jsm", 343))
console.error: services.settings: 
  main/whats-new-panel Signature failed  TypeError: NetworkError when attempting to fetch resource.

###!!! [Child][RunMessage] Error: Channel closing: too late to send/recv, messages will be lost


###!!! [Child][MessageChannel::SendAndWait] Error: Channel error: cannot send/recv

1598541264128	geckodriver	INFO	Listening on 127.0.0.1:54260
1598541267178	mozrunner::runner	INFO	Running command: "C:\\Program Files\\Mozilla Firefox\\firefox.exe" "--marionette" "-foreground" "-no-remote" "-profile" "C:\\Users\\YYY\\AppData\\Local\\Temp\\rust_mozprofileRpxMUh"
JavaScript error: resource://gre/modules/XULStore.jsm, line 66: Error: Can't find profile directory.
console.error: SearchCache: "_readCacheFile: Error reading cache file:" (new Error("", "(unknown module)"))
1598541269463	Marionette	INFO	Listening on port 54268
1598541269790	Marionette	WARN	TLS certificate errors will be ignored for this session
1598541270385	Marionette	INFO	Stopped listening on port 54268
console.error: Region.jsm: "Error fetching region" (new TypeError("NetworkError when attempting to fetch resource.", ""))
console.error: Region.jsm: "Failed to fetch region" (new Error("NO_RESULT", "resource://gre/modules/Region.jsm", 343))

###!!! [Child][RunMessage] Error: Channel closing: too late to send/recv, messages will be lost


###!!! [Child][MessageChannel::SendAndWait] Error: Channel error: cannot send/recv

1598541287530	geckodriver	INFO	Listening on 127.0.0.1:54304
1598541290580	mozrunner::runner	INFO	Running command: "C:\\Program Files\\Mozilla Firefox\\firefox.exe" "--marionette" "-foreground" "-no-remote" "-profile" "C:\\Users\\YYY\\AppData\\Local\\Temp\\rust_mozprofile0FiVe2"
JavaScript error: resource://gre/modules/XULStore.jsm, line 66: Error: Can't find profile directory.
console.error: SearchCache: "_readCacheFile: Error reading cache file:" (new Error("", "(unknown module)"))
1598541292847	Marionette	INFO	Listening on port 54312
1598541293193	Marionette	WARN	TLS certificate errors will be ignored for this session
1598541293801	Marionette	INFO	Stopped listening on port 54312
JavaScript error: resource://gre/modules/UrlClassifierListManager.jsm, line 691: TypeError: this.tablesData[table] is undefined
console.error: Region.jsm: "Error fetching region" (new TypeError("NetworkError when attempting to fetch resource.", ""))
console.error: Region.jsm: "Failed to fetch region" (new Error("NO_RESULT", "resource://gre/modules/Region.jsm", 343))

###!!! [Child][RunMessage] Error: Channel closing: too late to send/recv, messages will be lost


###!!! [Child][MessageChannel::SendAndWait] Error: Channel error: cannot send/recv

1598541396013	geckodriver	INFO	Listening on 127.0.0.1:54418
1598541399064	mozrunner::runner	INFO	Running command: "C:\\Program Files\\Mozilla Firefox\\firefox.exe" "--marionette" "-foreground" "-no-remote" "-profile" "C:\\Users\\YYY\\AppData\\Local\\Temp\\rust_mozprofilep5S6z9"
JavaScript error: resource://gre/modules/XULStore.jsm, line 66: Error: Can't find profile directory.
console.error: SearchCache: "_readCacheFile: Error reading cache file:" (new Error("", "(unknown module)"))
1598541401504	Marionette	INFO	Listening on port 54426
1598541401681	Marionette	WARN	TLS certificate errors will be ignored for this session
1598541402273	Marionette	INFO	Stopped listening on port 54426
JavaScript error: resource://gre/modules/UrlClassifierListManager.jsm, line 691: TypeError: this.tablesData[table] is undefined
console.error: Region.jsm: "Error fetching region" (new TypeError("NetworkError when attempting to fetch resource.", ""))
console.error: Region.jsm: "Failed to fetch region" (new Error("NO_RESULT", "resource://gre/modules/Region.jsm", 343))

###!!! [Child][RunMessage] Error: Channel closing: too late to send/recv, messages will be lost


###!!! [Child][MessageChannel::SendAndWait] Error: Channel error: cannot send/recv

1598541426619	geckodriver	INFO	Listening on 127.0.0.1:54466
1598541429669	mozrunner::runner	INFO	Running command: "C:\\Program Files\\Mozilla Firefox\\firefox.exe" "--marionette" "-foreground" "-no-remote" "-profile" "C:\\Users\\YYY\\AppData\\Local\\Temp\\rust_mozprofileVBUQx5"
JavaScript error: resource://gre/modules/XULStore.jsm, line 66: Error: Can't find profile directory.
console.error: SearchCache: "_readCacheFile: Error reading cache file:" (new Error("", "(unknown module)"))
1598541432006	Marionette	INFO	Listening on port 54474
1598541432283	Marionette	WARN	TLS certificate errors will be ignored for this session
1598541432882	Marionette	INFO	Stopped listening on port 54474
JavaScript error: resource://gre/modules/UrlClassifierListManager.jsm, line 691: TypeError: this.tablesData[table] is undefined
console.error: Region.jsm: "Error fetching region" (new TypeError("NetworkError when attempting to fetch resource.", ""))
console.error: Region.jsm: "Failed to fetch region" (new Error("NO_RESULT", "resource://gre/modules/Region.jsm", 343))

###!!! [Child][RunMessage] Error: Channel closing: too late to send/recv, messages will be lost


###!!! [Child][MessageChannel::SendAndWait] Error: Channel error: cannot send/recv

